<?xml version="1.0" encoding="UTF-8"?>
<testsuite name="yome.fgo.simulator.models.effects.buffs.BuffFactoryTest" tests="1" skipped="0" failures="0" errors="0" timestamp="2022-04-23T20:24:30" hostname="DESKTOP-CO3PGE9" time="0.025">
  <properties/>
  <testcase name="testBuffFactory_grantTrait()" classname="yome.fgo.simulator.models.effects.buffs.BuffFactoryTest" time="0.025"/>
  <system-out><![CDATA[]]></system-out>
  <system-err><![CDATA[]]></system-err>
</testsuite>
